<?xml version="1.0" encoding="UTF-8"?>
<!-- Generated by org.testng.reporters.JUnitXMLReporter -->
<testsuite hostname="LAPTOP-DCURIC1N" name="Test" tests="5" failures="2" timestamp="2 Oct 2018 05:41:52 GMT" time="0.509" errors="0">
  <testcase name="test1" time="0.018" classname="org.testng.TestNGExtent.Test1"/>
  <testcase name="test2" time="0.002" classname="org.testng.TestNGExtent.Test1"/>
  <testcase name="test3" time="0.002" classname="org.testng.TestNGExtent.Test1">
    <failure type="java.lang.AssertionError" message="expected [true] but found [false]">
      <![CDATA[java.lang.AssertionError: expected [true] but found [false]
... Removed 29 stack frames]]>
    </failure>
  </testcase> <!-- test3 -->
  <testcase name="test4" time="0.005" classname="org.testng.TestNGExtent.Test1"/>
  <testcase name="test8" time="0.001" classname="org.testng.TestNGExtent.Test2">
    <failure type="java.lang.AssertionError" message="expected [true] but found [false]">
      <![CDATA[java.lang.AssertionError: expected [true] but found [false]
... Removed 29 stack frames]]>
    </failure>
  </testcase> <!-- test8 -->
</testsuite> <!-- Test -->
